<?xml version="1.0" encoding="UTF-8"?>
<!-- Generated by org.testng.reporters.JUnitReportReporter -->
<testsuite skipped="0" hostname="Bharaths-MacBook-Air.local" name="com.qa.hubspot.tests.AccountsPageTest" tests="5" failures="0" timestamp="17 Jan 2021 15:43:27 GMT" time="25.995" errors="0">
  <testcase name="verifyAccountpageTitleTest" time="5.046" classname="com.qa.hubspot.tests.AccountsPageTest"/>
  <testcase name="VerifyAccountheaderTest" time="5.090" classname="com.qa.hubspot.tests.AccountsPageTest"/>
  <testcase name="VerifyAccountheaderSectionCountTest" time="5.055" classname="com.qa.hubspot.tests.AccountsPageTest"/>
  <testcase name="VerifyAccountHeaderSectionListTest" time="5.079" classname="com.qa.hubspot.tests.AccountsPageTest"/>
  <testcase name="searchTest" time="5.725" classname="com.qa.hubspot.tests.AccountsPageTest"/>
</testsuite> <!-- com.qa.hubspot.tests.AccountsPageTest -->
